g:\new folder (7)\new folder\radarlabs\vcuber\x64\release\basicpixelshader.csh
g:\new folder (7)\new folder\radarlabs\vcuber\x64\release\basicpixelshader.cso
g:\new folder (7)\new folder\radarlabs\vcuber\x64\release\basicvertexshader.csh
g:\new folder (7)\new folder\radarlabs\vcuber\x64\release\basicvertexshader.cso
g:\new folder (7)\new folder\radarlabs\vcuber\vcuber\x64\release\vcuber.pch
g:\new folder (7)\new folder\radarlabs\vcuber\vcuber\x64\release\vc141.pdb
g:\new folder (7)\new folder\radarlabs\vcuber\vcuber\x64\release\stdafx.obj
g:\new folder (7)\new folder\radarlabs\vcuber\vcuber\x64\release\vr.obj
g:\new folder (7)\new folder\radarlabs\vcuber\vcuber\x64\release\shaderloader.obj
g:\new folder (7)\new folder\radarlabs\vcuber\vcuber\x64\release\shader.obj
g:\new folder (7)\new folder\radarlabs\vcuber\vcuber\x64\release\meshloader.obj
g:\new folder (7)\new folder\radarlabs\vcuber\vcuber\x64\release\mesh.obj
g:\new folder (7)\new folder\radarlabs\vcuber\vcuber\x64\release\inputtranslator.obj
g:\new folder (7)\new folder\radarlabs\vcuber\vcuber\x64\release\directx.obj
g:\new folder (7)\new folder\radarlabs\vcuber\vcuber\x64\release\animator.obj
g:\new folder (7)\new folder\radarlabs\vcuber\vcuber\x64\release\animation.obj
g:\new folder (7)\new folder\radarlabs\vcuber\vcuber\x64\release\ai.obj
g:\new folder (7)\new folder\radarlabs\vcuber\vcuber\x64\release\vcuber.obj
g:\new folder (7)\new folder\radarlabs\vcuber\vcuber\x64\release\scene.obj
g:\new folder (7)\new folder\radarlabs\vcuber\vcuber\x64\release\physicsobj.obj
g:\new folder (7)\new folder\radarlabs\vcuber\vcuber\x64\release\physics.obj
g:\new folder (7)\new folder\radarlabs\vcuber\vcuber\x64\release\object.obj
g:\new folder (7)\new folder\radarlabs\vcuber\vcuber\x64\release\vcuber.res
g:\new folder (7)\new folder\radarlabs\vcuber\x64\release\vcuber.ipdb
g:\new folder (7)\new folder\radarlabs\vcuber\x64\release\vcuber.iobj
g:\new folder (7)\new folder\radarlabs\vcuber\x64\release\vcuber.exe
g:\new folder (7)\new folder\radarlabs\vcuber\x64\release\vcuber.pdb
g:\new folder (7)\new folder\radarlabs\vcuber\vcuber\x64\release\vcuber.tlog\fxc.command.1.tlog
g:\new folder (7)\new folder\radarlabs\vcuber\vcuber\x64\release\vcuber.tlog\cl.command.1.tlog
g:\new folder (7)\new folder\radarlabs\vcuber\vcuber\x64\release\vcuber.tlog\rc.command.1.tlog
g:\new folder (7)\new folder\radarlabs\vcuber\vcuber\x64\release\vcuber.tlog\link.command.1.tlog
g:\new folder (7)\new folder\radarlabs\vcuber\vcuber\x64\release\vcuber.tlog\fxc.read.1.tlog
g:\new folder (7)\new folder\radarlabs\vcuber\vcuber\x64\release\vcuber.tlog\cl.read.1.tlog
g:\new folder (7)\new folder\radarlabs\vcuber\vcuber\x64\release\vcuber.tlog\rc.read.1.tlog
g:\new folder (7)\new folder\radarlabs\vcuber\vcuber\x64\release\vcuber.tlog\link.read.8.tlog
g:\new folder (7)\new folder\radarlabs\vcuber\vcuber\x64\release\vcuber.tlog\fxc.write.1.tlog
g:\new folder (7)\new folder\radarlabs\vcuber\vcuber\x64\release\vcuber.tlog\cl.write.1.tlog
g:\new folder (7)\new folder\radarlabs\vcuber\vcuber\x64\release\vcuber.tlog\rc.write.1.tlog
g:\new folder (7)\new folder\radarlabs\vcuber\vcuber\x64\release\vcuber.tlog\vcuber.write.1u.tlog
g:\new folder (7)\new folder\radarlabs\vcuber\vcuber\x64\release\vcuber.tlog\link.write.1.tlog
