  Scene.cpp
Scene.cpp(83): warning C4267: 'argument': conversion from 'size_t' to 'UINT', possible loss of data
Scene.cpp(104): warning C4267: 'argument': conversion from 'size_t' to 'UINT', possible loss of data
Scene.cpp(122): warning C4267: 'argument': conversion from 'size_t' to 'UINT', possible loss of data
Scene.cpp(134): warning C4267: 'argument': conversion from 'size_t' to 'UINT', possible loss of data
Scene.cpp(144): warning C4267: 'argument': conversion from 'size_t' to 'UINT', possible loss of data
Scene.cpp(154): warning C4267: 'argument': conversion from 'size_t' to 'UINT', possible loss of data
Scene.cpp(164): warning C4267: 'argument': conversion from 'size_t' to 'UINT', possible loss of data
Scene.cpp(351): warning C4244: 'argument': conversion from 'int' to 'float', possible loss of data
Scene.cpp(363): warning C4244: 'argument': conversion from 'int' to 'float', possible loss of data
Scene.cpp(375): warning C4244: 'argument': conversion from 'int' to 'float', possible loss of data
Scene.cpp(387): warning C4244: 'argument': conversion from 'int' to 'float', possible loss of data
Scene.cpp(399): warning C4244: 'argument': conversion from 'int' to 'float', possible loss of data
Scene.cpp(410): warning C4244: 'argument': conversion from 'int' to 'float', possible loss of data
Scene.cpp(480): warning C4244: 'argument': conversion from 'int' to 'float', possible loss of data
Scene.cpp(491): warning C4244: 'argument': conversion from 'int' to 'float', possible loss of data
Scene.cpp(502): warning C4244: 'argument': conversion from 'int' to 'float', possible loss of data
Scene.cpp(513): warning C4244: 'argument': conversion from 'int' to 'float', possible loss of data
Scene.cpp(524): warning C4244: 'argument': conversion from 'int' to 'float', possible loss of data
Scene.cpp(535): warning C4244: 'argument': conversion from 'int' to 'float', possible loss of data
Scene.cpp(578): warning C4305: 'argument': truncation from 'double' to 'float'
Scene.cpp(595): warning C4305: 'argument': truncation from 'double' to 'float'
Scene.cpp(605): warning C4305: 'argument': truncation from 'double' to 'float'
Scene.cpp(613): warning C4305: 'argument': truncation from 'double' to 'float'
Scene.cpp(617): warning C4305: 'argument': truncation from 'double' to 'float'
Scene.cpp(618): warning C4305: 'argument': truncation from 'double' to 'float'
Scene.cpp(633): warning C4305: 'argument': truncation from 'double' to 'float'
Scene.cpp(654): warning C4305: 'argument': truncation from 'double' to 'float'
Scene.cpp(664): warning C4305: 'argument': truncation from 'double' to 'float'
Scene.cpp(672): warning C4305: 'argument': truncation from 'double' to 'float'
Scene.cpp(676): warning C4305: 'argument': truncation from 'double' to 'float'
Scene.cpp(677): warning C4305: 'argument': truncation from 'double' to 'float'
Scene.cpp(692): warning C4305: 'argument': truncation from 'double' to 'float'
Scene.cpp(712): warning C4267: 'argument': conversion from 'size_t' to 'UINT', possible loss of data
Scene.cpp(729): warning C4305: 'argument': truncation from 'double' to 'float'
  Generating code
  2 of 718 functions ( 0.3%) were compiled, the rest were copied from previous compilation.
    0 functions were new in current compilation
    0 functions had inline decision re-evaluated but remain unchanged
  Finished generating code
  VCuber.vcxproj -> C:\Users\0xFBADF00D\Documents\GitHub\RadarLabs\VCuber\x64\Release\VCuber.exe
